<?xml version="1.0" encoding="UTF-8"?>
<!-- Generated by org.testng.reporters.JUnitReportReporter -->
<testsuite hostname="oeht_laptop" failures="0" tests="13" name="com.utils.shared.unit.test.assertions.ObjectComparatorTest" time="0.077" errors="0" timestamp="2023-06-25T14:22:42 CEST" skipped="0">
  <testcase classname="com.utils.shared.unit.test.assertions.ObjectComparatorTest" name="testCompareObjects_Collections_DifferentElements" time="0.010"/>
  <system-out/>
  <testcase classname="com.utils.shared.unit.test.assertions.ObjectComparatorTest" name="testCompareObjects_ImmutableType_NotEqual" time="0.004"/>
  <system-out/>
  <testcase classname="com.utils.shared.unit.test.assertions.ObjectComparatorTest" name="testCompareObjects_Collections_DifferentSizes" time="0.004"/>
  <system-out/>
  <testcase classname="com.utils.shared.unit.test.assertions.ObjectComparatorTest" name="testCompareObjects_DifferentTypes" time="0.004"/>
  <system-out/>
  <testcase classname="com.utils.shared.unit.test.assertions.ObjectComparatorTest" name="testCompareObjects_Null" time="0.005"/>
  <system-out/>
  <testcase classname="com.utils.shared.unit.test.assertions.ObjectComparatorTest" name="testCompareObjects_ImmutableType" time="0.003"/>
  <system-out/>
  <testcase classname="com.utils.shared.unit.test.assertions.ObjectComparatorTest" name="testCompareObjects_ComplexObjects_DifferentFields" time="0.003"/>
  <system-out/>
  <testcase classname="com.utils.shared.unit.test.assertions.ObjectComparatorTest" name="testCompareObjects_Collections_Empty" time="0.001"/>
  <system-out/>
  <testcase classname="com.utils.shared.unit.test.assertions.ObjectComparatorTest" name="testCompareObjects_ComplexObjects_Null" time="0.004"/>
  <system-out/>
  <testcase classname="com.utils.shared.unit.test.assertions.ObjectComparatorTest" name="testCompareObjects" time="0.014"/>
  <system-out/>
  <testcase classname="com.utils.shared.unit.test.assertions.ObjectComparatorTest" name="testCompareObjects_ComplexObjects" time="0.019"/>
  <system-out/>
  <testcase classname="com.utils.shared.unit.test.assertions.ObjectComparatorTest" name="testCompareObjects_Collections_Null" time="0.003"/>
  <system-out/>
  <testcase classname="com.utils.shared.unit.test.assertions.ObjectComparatorTest" name="testCompareObjects_Collections" time="0.003"/>
  <system-out/>
</testsuite> <!-- com.utils.shared.unit.test.assertions.ObjectComparatorTest -->
