<?xml version="1.0" encoding="UTF-8"?>
<!-- Generated by org.testng.reporters.JUnitReportReporter -->
<testsuite hostname="oeht_laptop" failures="0" tests="6" name="com.utils.shared.util.ReflectionUtilTest" time="0.033" errors="0" timestamp="2023-06-25T14:22:42 CEST" skipped="0">
  <testcase classname="com.utils.shared.util.ReflectionUtilTest" name="testCreateInstance_privateClass_cannotCreateInstance" time="0.010"/>
  <system-out/>
  <testcase classname="com.utils.shared.util.ReflectionUtilTest" name="testSetFieldValue_intField_setsIntValue" time="0.004"/>
  <system-out/>
  <testcase classname="com.utils.shared.util.ReflectionUtilTest" name="testSetFieldValue_nonExistingField_throwsReflectionException" time="0.004"/>
  <system-out/>
  <testcase classname="com.utils.shared.util.ReflectionUtilTest" name="testCreateInstance" time="0.006"/>
  <system-out/>
  <testcase classname="com.utils.shared.util.ReflectionUtilTest" name="testSetFieldValue_booleanField_setsBooleanValue" time="0.006"/>
  <system-out/>
  <testcase classname="com.utils.shared.util.ReflectionUtilTest" name="testSetFieldValue_stringField_setsStringValue" time="0.003"/>
  <system-out/>
</testsuite> <!-- com.utils.shared.util.ReflectionUtilTest -->
