<?xml version="1.0" encoding="UTF-8"?>
<!-- Generated by org.testng.reporters.JUnitReportReporter -->
<testsuite hostname="oeht_laptop" failures="0" tests="35" name="com.utils.shared.util.StringUtilTest" time="0.036" errors="0" timestamp="2023-06-25T14:22:42 CEST" skipped="0">
  <testcase classname="com.utils.shared.util.StringUtilTest" name="testDeCapitalizeWithUppercaseCharacter" time="0.001"/>
  <system-out/>
  <testcase classname="com.utils.shared.util.StringUtilTest" name="testDeCapitalizeWithUppercaseString" time="0.002"/>
  <system-out/>
  <testcase classname="com.utils.shared.util.StringUtilTest" name="testTruncate_LongString_TruncatesAndAddsEllipsis" time="0.001"/>
  <system-out/>
  <testcase classname="com.utils.shared.util.StringUtilTest" name="testDeCapitalizeWithEmptyString" time="0.001"/>
  <system-out/>
  <testcase classname="com.utils.shared.util.StringUtilTest" name="testIsPalindromeWithNonPalindromeString" time="0.001"/>
  <system-out/>
  <testcase classname="com.utils.shared.util.StringUtilTest" name="testCountOccurrences_NullString_ReturnsZero" time="0.000"/>
  <system-out/>
  <testcase classname="com.utils.shared.util.StringUtilTest" name="testDeCapitalizeWithMultipleWords" time="0.001"/>
  <system-out/>
  <testcase classname="com.utils.shared.util.StringUtilTest" name="testCountOccurrences_EmptyString_ReturnsZero" time="0.001"/>
  <system-out/>
  <testcase classname="com.utils.shared.util.StringUtilTest" name="testIsNullOrEmpty_NullString_ReturnsTrue" time="0.001"/>
  <system-out/>
  <testcase classname="com.utils.shared.util.StringUtilTest" name="testCapitalizeWithMultipleWords" time="0.001"/>
  <system-out/>
  <testcase classname="com.utils.shared.util.StringUtilTest" name="testIsNotNullOrEmpty_NullString_ReturnsFalse" time="0.001"/>
  <system-out/>
  <testcase classname="com.utils.shared.util.StringUtilTest" name="testToCharArrayWithEmptyString" time="0.001"/>
  <system-out/>
  <testcase classname="com.utils.shared.util.StringUtilTest" name="testReverse_NullString_ReturnsNull" time="0.000"/>
  <system-out/>
  <testcase classname="com.utils.shared.util.StringUtilTest" name="testCapitalizeWithUppercaseString" time="0.001"/>
  <system-out/>
  <testcase classname="com.utils.shared.util.StringUtilTest" name="testDeCapitalizeWithLowercaseString" time="0.001"/>
  <system-out/>
  <testcase classname="com.utils.shared.util.StringUtilTest" name="testCapitalizeWithLowercaseCharacter" time="0.002"/>
  <system-out/>
  <testcase classname="com.utils.shared.util.StringUtilTest" name="testIsNullOrEmpty_NonEmptyString_ReturnsFalse" time="0.001"/>
  <system-out/>
  <testcase classname="com.utils.shared.util.StringUtilTest" name="testIsPalindromeWithPalindromeString" time="0.002"/>
  <system-out/>
  <testcase classname="com.utils.shared.util.StringUtilTest" name="testCapitalizeWithEmptyString" time="0.001"/>
  <system-out/>
  <testcase classname="com.utils.shared.util.StringUtilTest" name="testToCharArrayWithNonEmptyString" time="0.002"/>
  <system-out/>
  <testcase classname="com.utils.shared.util.StringUtilTest" name="testCountOccurrences_EmptySubstring_ReturnsZero" time="0.001"/>
  <system-out/>
  <testcase classname="com.utils.shared.util.StringUtilTest" name="testIsNullOrEmpty_EmptyString_ReturnsTrue" time="0.001"/>
  <system-out/>
  <testcase classname="com.utils.shared.util.StringUtilTest" name="testTruncate_EmptyString_ReturnsEmptyString" time="0.001"/>
  <system-out/>
  <testcase classname="com.utils.shared.util.StringUtilTest" name="testIsPalindromeWithSingleCharString" time="0.001"/>
  <system-out/>
  <testcase classname="com.utils.shared.util.StringUtilTest" name="testEscape" time="0.001"/>
  <system-out/>
  <testcase classname="com.utils.shared.util.StringUtilTest" name="testCountOccurrences_CaseInsensitive_ReturnsCorrectCount" time="0.002"/>
  <system-out/>
  <testcase classname="com.utils.shared.util.StringUtilTest" name="testIsPalindromeWithEmptyString" time="0.001"/>
  <system-out/>
  <testcase classname="com.utils.shared.util.StringUtilTest" name="testCountOccurrences_CaseSensitive_ReturnsCorrectCount" time="0.001"/>
  <system-out/>
  <testcase classname="com.utils.shared.util.StringUtilTest" name="testTruncate_NullString_ReturnsNull" time="0.001"/>
  <system-out/>
  <testcase classname="com.utils.shared.util.StringUtilTest" name="testIsNotNullOrEmpty_EmptyString_ReturnsFalse" time="0.001"/>
  <system-out/>
  <testcase classname="com.utils.shared.util.StringUtilTest" name="testReverse_EmptyString_ReturnsEmptyString" time="0.001"/>
  <system-out/>
  <testcase classname="com.utils.shared.util.StringUtilTest" name="testIsNotNullOrEmpty_NonEmptyString_ReturnsTrue" time="0.000"/>
  <system-out/>
  <testcase classname="com.utils.shared.util.StringUtilTest" name="testReverse_NormalString_ReturnsReversedString" time="0.000"/>
  <system-out/>
  <testcase classname="com.utils.shared.util.StringUtilTest" name="testCountOccurrences_NullSubstring_ReturnsZero" time="0.001"/>
  <system-out/>
  <testcase classname="com.utils.shared.util.StringUtilTest" name="testCapitalizeWithLowercaseString" time="0.001"/>
  <system-out/>
</testsuite> <!-- com.utils.shared.util.StringUtilTest -->
