<?xml version="1.0" encoding="UTF-8"?>
<!-- Generated by org.testng.reporters.JUnitReportReporter -->
<testsuite hostname="oeht_laptop" failures="0" tests="2" name="com.utils.shared.unit.test.data.PopulatorTest" time="0.048" errors="0" timestamp="2023-06-25T14:22:42 CEST" skipped="0">
  <testcase classname="com.utils.shared.unit.test.data.PopulatorTest" name="testPopulate_shouldPopulateWithOption" time="0.043"/>
  <system-out/>
  <testcase classname="com.utils.shared.unit.test.data.PopulatorTest" name="testPopulate_shouldPopulateWithoutOption" time="0.005"/>
  <system-out/>
</testsuite> <!-- com.utils.shared.unit.test.data.PopulatorTest -->
