<?xml version="1.0" encoding="UTF-8"?>
<!-- Generated by org.testng.reporters.JUnitReportReporter -->
<testsuite hostname="oeht_laptop" failures="0" tests="14" name="com.utils.shared.util.DateUtilTest" time="0.058" errors="0" timestamp="2023-06-25T14:22:42 CEST" skipped="0">
  <testcase classname="com.utils.shared.util.DateUtilTest" name="testFormatDate_NullDate" time="0.001"/>
  <system-out/>
  <testcase classname="com.utils.shared.util.DateUtilTest" name="testIsAfter_NotAfter" time="0.002"/>
  <system-out/>
  <testcase classname="com.utils.shared.util.DateUtilTest" name="testParseDate" time="0.003"/>
  <system-out/>
  <testcase classname="com.utils.shared.util.DateUtilTest" name="testParseDate_NullDate" time="0.001"/>
  <system-out/>
  <testcase classname="com.utils.shared.util.DateUtilTest" name="testIsBefore_NotBefore" time="0.001"/>
  <system-out/>
  <testcase classname="com.utils.shared.util.DateUtilTest" name="testParseDate_InvalidFormat" time="0.002"/>
  <system-out/>
  <testcase classname="com.utils.shared.util.DateUtilTest" name="testAreEqualDates_DifferentDates" time="0.001"/>
  <system-out/>
  <testcase classname="com.utils.shared.util.DateUtilTest" name="testCalculateAge" time="0.003"/>
  <system-out/>
  <testcase classname="com.utils.shared.util.DateUtilTest" name="testAddDays" time="0.034"/>
  <system-out/>
  <testcase classname="com.utils.shared.util.DateUtilTest" name="testAreEqualDates" time="0.002"/>
  <system-out/>
  <testcase classname="com.utils.shared.util.DateUtilTest" name="testFormatDate" time="0.002"/>
  <system-out/>
  <testcase classname="com.utils.shared.util.DateUtilTest" name="testGetDifferenceInDays" time="0.002"/>
  <system-out/>
  <testcase classname="com.utils.shared.util.DateUtilTest" name="testIsAfter" time="0.002"/>
  <system-out/>
  <testcase classname="com.utils.shared.util.DateUtilTest" name="testIsBefore" time="0.002"/>
  <system-out/>
</testsuite> <!-- com.utils.shared.util.DateUtilTest -->
