<?xml version="1.0" encoding="UTF-8"?>
<!-- Generated by org.testng.reporters.JUnitReportReporter -->
<testsuite hostname="oeht_laptop" failures="0" tests="5" name="com.utils.shared.util.ObjectUtilTest" time="0.025" errors="0" timestamp="2023-06-25T14:22:42 CEST" skipped="0">
  <testcase classname="com.utils.shared.util.ObjectUtilTest" name="testIsNotNull" time="0.000"/>
  <system-out/>
  <testcase classname="com.utils.shared.util.ObjectUtilTest" name="testEquals" time="0.001"/>
  <system-out/>
  <testcase classname="com.utils.shared.util.ObjectUtilTest" name="testDeepCopy" time="0.023"/>
  <system-out/>
  <testcase classname="com.utils.shared.util.ObjectUtilTest" name="testIsNull" time="0.000"/>
  <system-out/>
  <testcase classname="com.utils.shared.util.ObjectUtilTest" name="testCast" time="0.001"/>
  <system-out/>
</testsuite> <!-- com.utils.shared.util.ObjectUtilTest -->
