<?xml version="1.0" encoding="UTF-8"?>
<!-- Generated by org.testng.reporters.JUnitReportReporter -->
<testsuite hostname="oeht_laptop" failures="0" tests="30" name="com.utils.shared.util.ArrayUtilTest" time="0.061" errors="0" timestamp="2023-06-25T14:22:42 CEST" skipped="0">
  <testcase classname="com.utils.shared.util.ArrayUtilTest" name="testIndexOf_ElementInArray_ReturnsCorrectIndex" time="0.001"/>
  <system-out/>
  <testcase classname="com.utils.shared.util.ArrayUtilTest" name="testSort_NullArray_ReturnsNull" time="0.005"/>
  <system-out/>
  <testcase classname="com.utils.shared.util.ArrayUtilTest" name="testIsEmpty_NonEmptyArray_ReturnsFalse" time="0.001"/>
  <system-out/>
  <testcase classname="com.utils.shared.util.ArrayUtilTest" name="testMerge_TwoNonEmptyArrays_ReturnsMergedArray" time="0.001"/>
  <system-out/>
  <testcase classname="com.utils.shared.util.ArrayUtilTest" name="testRemoveElement_ElementNotInArray_ReturnsSameArray" time="0.006"/>
  <system-out/>
  <testcase classname="com.utils.shared.util.ArrayUtilTest" name="testIsEmpty_NullArray_ReturnsTrue" time="0.001"/>
  <system-out/>
  <testcase classname="com.utils.shared.util.ArrayUtilTest" name="testContains_NullArray_ReturnsFalse" time="0.001"/>
  <system-out/>
  <testcase classname="com.utils.shared.util.ArrayUtilTest" name="testGetSubArray_NullArray_ReturnsNull" time="0.001"/>
  <system-out/>
  <testcase classname="com.utils.shared.util.ArrayUtilTest" name="testMerge_NonEmptyArrayWithNullArray_ReturnsNonEmptyArray" time="0.001"/>
  <system-out/>
  <testcase classname="com.utils.shared.util.ArrayUtilTest" name="testSort_NonEmptyArray_ReturnsSortedArray" time="0.007"/>
  <system-out/>
  <testcase classname="com.utils.shared.util.ArrayUtilTest" name="testContains_ElementNotInArray_ReturnsFalse" time="0.002"/>
  <system-out/>
  <testcase classname="com.utils.shared.util.ArrayUtilTest" name="testReverse_NullArray_ReturnsNull" time="0.003"/>
  <system-out/>
  <testcase classname="com.utils.shared.util.ArrayUtilTest" name="testReverse_NonEmptyArray_ReturnsReversedArray" time="0.003"/>
  <system-out/>
  <testcase classname="com.utils.shared.util.ArrayUtilTest" name="testFindMax_NullArray_ReturnsNull" time="0.000"/>
  <system-out/>
  <testcase classname="com.utils.shared.util.ArrayUtilTest" name="testIndexOf_ElementNotInArray_ReturnsMinusOne" time="0.000"/>
  <system-out/>
  <testcase classname="com.utils.shared.util.ArrayUtilTest" name="testRemoveDuplicates_ArrayWithoutDuplicates_ReturnsSameArray" time="0.001"/>
  <system-out/>
  <testcase classname="com.utils.shared.util.ArrayUtilTest" name="testContains_ElementInArray_ReturnsTrue" time="0.006"/>
  <system-out/>
  <testcase classname="com.utils.shared.util.ArrayUtilTest" name="testFindMax_NonEmptyArray_ReturnsMaxElement" time="0.001"/>
  <system-out/>
  <testcase classname="com.utils.shared.util.ArrayUtilTest" name="testGetSubArray_ValidIndexes_ReturnsSubArray" time="0.002"/>
  <system-out/>
  <testcase classname="com.utils.shared.util.ArrayUtilTest" name="testRemoveElement_ElementInArray_ReturnsArrayWithoutElement" time="0.002"/>
  <system-out/>
  <testcase classname="com.utils.shared.util.ArrayUtilTest" name="testFindMax_EmptyArray_ReturnsNull" time="0.001"/>
  <system-out/>
  <testcase classname="com.utils.shared.util.ArrayUtilTest" name="testMerge_NullArrayWithNonEmptyArray_ReturnsNonEmptyArray" time="0.001"/>
  <system-out/>
  <testcase classname="com.utils.shared.util.ArrayUtilTest" name="testIsEmpty_EmptyArray_ReturnsTrue" time="0.000"/>
  <system-out/>
  <testcase classname="com.utils.shared.util.ArrayUtilTest" name="testMerge_NullArrays_ReturnsNull" time="0.000"/>
  <system-out/>
  <testcase classname="com.utils.shared.util.ArrayUtilTest" name="testRemoveElement_NullArray_ReturnsNull" time="0.005"/>
  <system-out/>
  <testcase classname="com.utils.shared.util.ArrayUtilTest" name="testSort_EmptyArray_ReturnsEmptyArray" time="0.005"/>
  <system-out/>
  <testcase classname="com.utils.shared.util.ArrayUtilTest" name="testGetSubArray_InvalidIndexes_ReturnsNull" time="0.001"/>
  <system-out/>
  <testcase classname="com.utils.shared.util.ArrayUtilTest" name="testIndexOf_NullArray_ReturnsMinusOne" time="0.002"/>
  <system-out/>
  <testcase classname="com.utils.shared.util.ArrayUtilTest" name="testRemoveDuplicates_NullArray_ReturnsNull" time="0.001"/>
  <system-out/>
  <testcase classname="com.utils.shared.util.ArrayUtilTest" name="testRemoveDuplicates_ArrayWithDuplicates_ReturnsArrayWithoutDuplicates" time="0.000"/>
  <system-out/>
</testsuite> <!-- com.utils.shared.util.ArrayUtilTest -->
